16:06:11.932 [http-nio-8080-exec-2] INFO  o.a.c.c.C.[Tomcat].[localhost].[/] - Initializing Spring DispatcherServlet 'dispatcherServlet'
16:06:11.934 [http-nio-8080-exec-2] INFO  o.s.web.servlet.DispatcherServlet - Initializing Servlet 'dispatcherServlet'
16:06:11.936 [http-nio-8080-exec-2] INFO  o.s.web.servlet.DispatcherServlet - Completed initialization in 1 ms
16:06:12.038 [http-nio-8080-exec-2] INFO  c.e.A.controller.Rest - Adhar Information Saved...
16:06:12.039 [http-nio-8080-exec-2] DEBUG c.e.A.controller.Rest - Adhar debug logging is enabled...
16:06:12.039 [http-nio-8080-exec-2] ERROR c.e.A.controller.Rest - Adhar is saved...
16:06:12.039 [http-nio-8080-exec-2] WARN  c.e.A.controller.Rest - Be Ready...
16:06:36.205 [http-nio-8080-exec-1] INFO  c.e.A.controller.Rest - Adhar Information Saved...
16:06:36.205 [http-nio-8080-exec-1] DEBUG c.e.A.controller.Rest - Adhar debug logging is enabled...
16:06:36.205 [http-nio-8080-exec-1] ERROR c.e.A.controller.Rest - Adhar is saved...
16:06:36.205 [http-nio-8080-exec-1] WARN  c.e.A.controller.Rest - Be Ready...
16:06:37.422 [http-nio-8080-exec-4] INFO  c.e.A.controller.Rest - Adhar Information Saved...
16:06:37.422 [http-nio-8080-exec-4] DEBUG c.e.A.controller.Rest - Adhar debug logging is enabled...
16:06:37.422 [http-nio-8080-exec-4] ERROR c.e.A.controller.Rest - Adhar is saved...
16:06:37.422 [http-nio-8080-exec-4] WARN  c.e.A.controller.Rest - Be Ready...
16:06:38.760 [http-nio-8080-exec-5] INFO  c.e.A.controller.Rest - Adhar Information Saved...
16:06:38.760 [http-nio-8080-exec-5] DEBUG c.e.A.controller.Rest - Adhar debug logging is enabled...
16:06:38.760 [http-nio-8080-exec-5] ERROR c.e.A.controller.Rest - Adhar is saved...
16:06:38.760 [http-nio-8080-exec-5] WARN  c.e.A.controller.Rest - Be Ready...
16:06:40.938 [http-nio-8080-exec-6] INFO  c.e.A.controller.Rest - Adhar Information Saved...
16:06:40.939 [http-nio-8080-exec-6] DEBUG c.e.A.controller.Rest - Adhar debug logging is enabled...
16:06:40.939 [http-nio-8080-exec-6] ERROR c.e.A.controller.Rest - Adhar is saved...
16:06:40.939 [http-nio-8080-exec-6] WARN  c.e.A.controller.Rest - Be Ready...
16:06:42.689 [http-nio-8080-exec-7] INFO  c.e.A.controller.Rest - Adhar Information Saved...
16:06:42.690 [http-nio-8080-exec-7] DEBUG c.e.A.controller.Rest - Adhar debug logging is enabled...
16:06:42.690 [http-nio-8080-exec-7] ERROR c.e.A.controller.Rest - Adhar is saved...
16:06:42.690 [http-nio-8080-exec-7] WARN  c.e.A.controller.Rest - Be Ready...
16:06:44.211 [http-nio-8080-exec-8] INFO  c.e.A.controller.Rest - Adhar Information Saved...
16:06:44.212 [http-nio-8080-exec-8] DEBUG c.e.A.controller.Rest - Adhar debug logging is enabled...
16:06:44.212 [http-nio-8080-exec-8] ERROR c.e.A.controller.Rest - Adhar is saved...
16:06:44.212 [http-nio-8080-exec-8] WARN  c.e.A.controller.Rest - Be Ready...
16:06:45.872 [http-nio-8080-exec-9] INFO  c.e.A.controller.Rest - Adhar Information Saved...
16:06:45.872 [http-nio-8080-exec-9] DEBUG c.e.A.controller.Rest - Adhar debug logging is enabled...
16:06:45.872 [http-nio-8080-exec-9] ERROR c.e.A.controller.Rest - Adhar is saved...
16:06:45.873 [http-nio-8080-exec-9] WARN  c.e.A.controller.Rest - Be Ready...
16:06:47.109 [http-nio-8080-exec-10] INFO  c.e.A.controller.Rest - Adhar Information Saved...
16:06:47.110 [http-nio-8080-exec-10] DEBUG c.e.A.controller.Rest - Adhar debug logging is enabled...
16:06:47.110 [http-nio-8080-exec-10] ERROR c.e.A.controller.Rest - Adhar is saved...
16:06:47.110 [http-nio-8080-exec-10] WARN  c.e.A.controller.Rest - Be Ready...
16:06:48.360 [http-nio-8080-exec-3] INFO  c.e.A.controller.Rest - Adhar Information Saved...
16:06:48.360 [http-nio-8080-exec-3] DEBUG c.e.A.controller.Rest - Adhar debug logging is enabled...
16:06:48.360 [http-nio-8080-exec-3] ERROR c.e.A.controller.Rest - Adhar is saved...
16:06:48.360 [http-nio-8080-exec-3] WARN  c.e.A.controller.Rest - Be Ready...
16:06:49.301 [http-nio-8080-exec-2] INFO  c.e.A.controller.Rest - Adhar Information Saved...
16:06:49.301 [http-nio-8080-exec-2] DEBUG c.e.A.controller.Rest - Adhar debug logging is enabled...
16:06:49.301 [http-nio-8080-exec-2] ERROR c.e.A.controller.Rest - Adhar is saved...
16:06:49.301 [http-nio-8080-exec-2] WARN  c.e.A.controller.Rest - Be Ready...
16:06:50.322 [http-nio-8080-exec-1] INFO  c.e.A.controller.Rest - Adhar Information Saved...
16:06:50.323 [http-nio-8080-exec-1] DEBUG c.e.A.controller.Rest - Adhar debug logging is enabled...
16:06:50.323 [http-nio-8080-exec-1] ERROR c.e.A.controller.Rest - Adhar is saved...
16:06:50.323 [http-nio-8080-exec-1] WARN  c.e.A.controller.Rest - Be Ready...
16:06:51.274 [http-nio-8080-exec-4] INFO  c.e.A.controller.Rest - Adhar Information Saved...
16:06:51.274 [http-nio-8080-exec-4] DEBUG c.e.A.controller.Rest - Adhar debug logging is enabled...
16:06:51.274 [http-nio-8080-exec-4] ERROR c.e.A.controller.Rest - Adhar is saved...
16:06:51.274 [http-nio-8080-exec-4] WARN  c.e.A.controller.Rest - Be Ready...
16:06:52.694 [http-nio-8080-exec-5] INFO  c.e.A.controller.Rest - Adhar Information Saved...
16:06:52.694 [http-nio-8080-exec-5] DEBUG c.e.A.controller.Rest - Adhar debug logging is enabled...
16:06:52.694 [http-nio-8080-exec-5] ERROR c.e.A.controller.Rest - Adhar is saved...
16:06:52.694 [http-nio-8080-exec-5] WARN  c.e.A.controller.Rest - Be Ready...
16:06:54.158 [http-nio-8080-exec-6] INFO  c.e.A.controller.Rest - Adhar Information Saved...
16:06:54.158 [http-nio-8080-exec-6] DEBUG c.e.A.controller.Rest - Adhar debug logging is enabled...
16:06:54.158 [http-nio-8080-exec-6] ERROR c.e.A.controller.Rest - Adhar is saved...
16:06:54.158 [http-nio-8080-exec-6] WARN  c.e.A.controller.Rest - Be Ready...
16:06:55.151 [http-nio-8080-exec-7] INFO  c.e.A.controller.Rest - Adhar Information Saved...
16:06:55.151 [http-nio-8080-exec-7] DEBUG c.e.A.controller.Rest - Adhar debug logging is enabled...
16:06:55.151 [http-nio-8080-exec-7] ERROR c.e.A.controller.Rest - Adhar is saved...
16:06:55.151 [http-nio-8080-exec-7] WARN  c.e.A.controller.Rest - Be Ready...
16:06:55.907 [http-nio-8080-exec-8] INFO  c.e.A.controller.Rest - Adhar Information Saved...
16:06:55.907 [http-nio-8080-exec-8] DEBUG c.e.A.controller.Rest - Adhar debug logging is enabled...
16:06:55.907 [http-nio-8080-exec-8] ERROR c.e.A.controller.Rest - Adhar is saved...
16:06:55.907 [http-nio-8080-exec-8] WARN  c.e.A.controller.Rest - Be Ready...
16:06:56.612 [http-nio-8080-exec-9] INFO  c.e.A.controller.Rest - Adhar Information Saved...
16:06:56.612 [http-nio-8080-exec-9] DEBUG c.e.A.controller.Rest - Adhar debug logging is enabled...
16:06:56.612 [http-nio-8080-exec-9] ERROR c.e.A.controller.Rest - Adhar is saved...
16:06:56.612 [http-nio-8080-exec-9] WARN  c.e.A.controller.Rest - Be Ready...
16:06:57.334 [http-nio-8080-exec-10] INFO  c.e.A.controller.Rest - Adhar Information Saved...
16:06:57.335 [http-nio-8080-exec-10] DEBUG c.e.A.controller.Rest - Adhar debug logging is enabled...
16:06:57.335 [http-nio-8080-exec-10] ERROR c.e.A.controller.Rest - Adhar is saved...
16:06:57.335 [http-nio-8080-exec-10] WARN  c.e.A.controller.Rest - Be Ready...
16:06:58.028 [http-nio-8080-exec-3] INFO  c.e.A.controller.Rest - Adhar Information Saved...
16:06:58.028 [http-nio-8080-exec-3] DEBUG c.e.A.controller.Rest - Adhar debug logging is enabled...
16:06:58.028 [http-nio-8080-exec-3] ERROR c.e.A.controller.Rest - Adhar is saved...
16:06:58.028 [http-nio-8080-exec-3] WARN  c.e.A.controller.Rest - Be Ready...
