2024-06-18 10:15:45 [http-nio-8080-exec-3] INFO  c.e.A.controller.Rest -
				Adhar Information Saved...
2024-06-18 10:15:45 [http-nio-8080-exec-3] DEBUG c.e.A.controller.Rest -
				Adhar debug logging is enabled...
2024-06-18 10:15:45 [http-nio-8080-exec-3] ERROR c.e.A.controller.Rest -
				Adhar is saved...
2024-06-18 10:15:45 [http-nio-8080-exec-3] WARN  c.e.A.controller.Rest -
				Be Ready...
2024-06-18 10:16:15 [http-nio-8080-exec-1] INFO  c.e.A.controller.Rest -
				Adhar Information Saved...
2024-06-18 10:16:15 [http-nio-8080-exec-1] DEBUG c.e.A.controller.Rest -
				Adhar debug logging is enabled...
2024-06-18 10:16:15 [http-nio-8080-exec-1] ERROR c.e.A.controller.Rest -
				Adhar is saved...
2024-06-18 10:16:15 [http-nio-8080-exec-1] WARN  c.e.A.controller.Rest -
				Be Ready...
2024-06-18 10:16:15 [http-nio-8080-exec-4] INFO  c.e.A.controller.Rest -
				Adhar Information Saved...
2024-06-18 10:16:15 [http-nio-8080-exec-4] DEBUG c.e.A.controller.Rest -
				Adhar debug logging is enabled...
2024-06-18 10:16:15 [http-nio-8080-exec-4] ERROR c.e.A.controller.Rest -
				Adhar is saved...
2024-06-18 10:16:15 [http-nio-8080-exec-4] WARN  c.e.A.controller.Rest -
				Be Ready...
2024-06-18 10:16:16 [http-nio-8080-exec-5] INFO  c.e.A.controller.Rest -
				Adhar Information Saved...
2024-06-18 10:16:16 [http-nio-8080-exec-5] DEBUG c.e.A.controller.Rest -
				Adhar debug logging is enabled...
2024-06-18 10:16:16 [http-nio-8080-exec-5] ERROR c.e.A.controller.Rest -
				Adhar is saved...
2024-06-18 10:16:16 [http-nio-8080-exec-5] WARN  c.e.A.controller.Rest -
				Be Ready...
2024-06-18 10:16:17 [http-nio-8080-exec-6] INFO  c.e.A.controller.Rest -
				Adhar Information Saved...
2024-06-18 10:16:17 [http-nio-8080-exec-6] DEBUG c.e.A.controller.Rest -
				Adhar debug logging is enabled...
2024-06-18 10:16:17 [http-nio-8080-exec-6] ERROR c.e.A.controller.Rest -
				Adhar is saved...
2024-06-18 10:16:17 [http-nio-8080-exec-6] WARN  c.e.A.controller.Rest -
				Be Ready...
2024-06-18 10:16:18 [http-nio-8080-exec-7] INFO  c.e.A.controller.Rest -
				Adhar Information Saved...
2024-06-18 10:16:18 [http-nio-8080-exec-7] DEBUG c.e.A.controller.Rest -
				Adhar debug logging is enabled...
2024-06-18 10:16:18 [http-nio-8080-exec-7] ERROR c.e.A.controller.Rest -
				Adhar is saved...
2024-06-18 10:16:18 [http-nio-8080-exec-7] WARN  c.e.A.controller.Rest -
				Be Ready...
2024-06-18 10:16:18 [http-nio-8080-exec-8] INFO  c.e.A.controller.Rest -
				Adhar Information Saved...
2024-06-18 10:16:18 [http-nio-8080-exec-8] DEBUG c.e.A.controller.Rest -
				Adhar debug logging is enabled...
2024-06-18 10:16:18 [http-nio-8080-exec-8] ERROR c.e.A.controller.Rest -
				Adhar is saved...
2024-06-18 10:16:18 [http-nio-8080-exec-8] WARN  c.e.A.controller.Rest -
				Be Ready...
2024-06-18 10:16:20 [http-nio-8080-exec-9] INFO  c.e.A.controller.Rest -
				Adhar Information Saved...
2024-06-18 10:16:20 [http-nio-8080-exec-9] DEBUG c.e.A.controller.Rest -
				Adhar debug logging is enabled...
2024-06-18 10:16:20 [http-nio-8080-exec-9] ERROR c.e.A.controller.Rest -
				Adhar is saved...
2024-06-18 10:16:20 [http-nio-8080-exec-9] WARN  c.e.A.controller.Rest -
				Be Ready...
2024-06-18 10:16:20 [http-nio-8080-exec-10] INFO  c.e.A.controller.Rest -
				Adhar Information Saved...
2024-06-18 10:16:20 [http-nio-8080-exec-10] DEBUG c.e.A.controller.Rest -
				Adhar debug logging is enabled...
2024-06-18 10:16:20 [http-nio-8080-exec-10] ERROR c.e.A.controller.Rest -
				Adhar is saved...
2024-06-18 10:16:20 [http-nio-8080-exec-10] WARN  c.e.A.controller.Rest -
				Be Ready...
2024-06-18 10:16:23 [http-nio-8080-exec-2] INFO  c.e.A.controller.Rest -
				Adhar Information Saved...
2024-06-18 10:16:23 [http-nio-8080-exec-2] DEBUG c.e.A.controller.Rest -
				Adhar debug logging is enabled...
2024-06-18 10:16:23 [http-nio-8080-exec-2] ERROR c.e.A.controller.Rest -
				Adhar is saved...
2024-06-18 10:16:23 [http-nio-8080-exec-2] WARN  c.e.A.controller.Rest -
				Be Ready...
2024-06-18 10:16:23 [http-nio-8080-exec-3] INFO  c.e.A.controller.Rest -
				Adhar Information Saved...
2024-06-18 10:16:23 [http-nio-8080-exec-3] DEBUG c.e.A.controller.Rest -
				Adhar debug logging is enabled...
2024-06-18 10:16:23 [http-nio-8080-exec-3] ERROR c.e.A.controller.Rest -
				Adhar is saved...
2024-06-18 10:16:23 [http-nio-8080-exec-3] WARN  c.e.A.controller.Rest -
				Be Ready...
